docker.io/kubeflowkatib/katib-controller:v0.11.0
docker.io/kubeflowkatib/katib-db-manager:v0.11.0
mysql:8
docker.io/kubeflowkatib/katib-ui:v0.11.0
gcr.io/arrikto/kubeflow/oidc-authservice:28c59ef
public.ecr.aws/j1r0q0g6/training/tf-operator:cd2fc1ff397b1f349f68524f4abd5013a32e3033
gcr.io/knative-releases/knative.dev/serving/cmd/activator@sha256:ffa3d72ee6c2eeb2357999248191a643405288061b7080381f22875cb703e929
gcr.io/knative-releases/knative.dev/serving/cmd/autoscaler@sha256:f89fd23889c3e0ca3d8e42c9b189dc2f93aa5b3a91c64e8aab75e952a210eeb3
gcr.io/knative-releases/knative.dev/serving/cmd/controller@sha256:b86ac8ecc6b2688a0e0b9cb68298220a752125d0a048b8edf2cf42403224393c
gcr.io/knative-releases/knative.dev/net-istio/cmd/webhook@sha256:e6b142c0f82e0e0b8cb670c11eb4eef6ded827f98761bbf4bea7bdb777b80092
gcr.io/knative-releases/knative.dev/net-istio/cmd/controller@sha256:75c7918ca887622e7242ec1965f87036db1dc462464810b72735a8e64111f6f7
gcr.io/knative-releases/knative.dev/serving/cmd/webhook@sha256:7e6df0fda229a13219bbc90ff72a10434a0c64cd7fe13dc534b914247d1087f4
public.ecr.aws/j1r0q0g6/notebooks/tensorboards-web-app:v1.3.0-rc.1
public.ecr.aws/j1r0q0g6/notebooks/central-dashboard:v1.3.0-rc.1
kubeflow/mxnet-operator:v1.1.0
public.ecr.aws/j1r0q0g6/notebooks/volumes-web-app:v1.3.0-rc.1
gcr.io/knative-releases/knative.dev/eventing/cmd/channel_broker@sha256:5065eaeb3904e8b0893255b11fdcdde54a6bac1d0d4ecc8c9ce4c4c32073d924
gcr.io/knative-releases/knative.dev/eventing/cmd/controller@sha256:c99f08229c464407e5ba11f942d29b969e0f7dd2e242973d50d480cc45eebf28
gcr.io/knative-releases/knative.dev/eventing/cmd/webhook@sha256:a3046d0426b4617fe9186fb3d983e350de82d2e3f33dcc13441e591e24410901
gcr.io/knative-releases/knative.dev/eventing/cmd/in_memory/channel_controller@sha256:9a084ba0ed6a12862adb3ca00de069f0ec1715fe8d4db6c9921fcca335c675bb
gcr.io/knative-releases/knative.dev/eventing/cmd/in_memory/channel_dispatcher@sha256:8df896444091f1b34185f0fa3da5d41f32e84c43c48df07605c728e0fe49a9a8
mpioperator/mpi-operator:latest
gcr.io/kubebuilder/kube-rbac-proxy:v0.4.0
gcr.io/kfserving/kfserving-controller:v0.5.1
docker.io/istio/proxyv2:1.9.0
docker.io/istio/pilot:1.9.0
public.ecr.aws/j1r0q0g6/notebooks/notebook-controller:v1.3.0-rc.1
quay.io/dexidp/dex:v2.24.0
public.ecr.aws/j1r0q0g6/notebooks/admission-webhook:v1.3.0-rc.1
quay.io/jetstack/cert-manager-controller:v0.11.0
quay.io/jetstack/cert-manager-cainjector:v0.11.0
quay.io/jetstack/cert-manager-webhook:v0.11.0
public.ecr.aws/j1r0q0g6/notebooks/jupyter-web-app:v1.3.0-rc.1
gcr.io/ml-pipeline/cache-deployer:1.5.0
gcr.io/ml-pipeline/cache-server:1.5.0
python:3.7
gcr.io/ml-pipeline/metadata-envoy:1.5.0
gcr.io/tfx-oss-public/ml_metadata_store_server:0.25.1
gcr.io/ml-pipeline/metadata-writer:1.5.0
gcr.io/ml-pipeline/minio:RELEASE.2019-08-14T20-37-41Z-license-compliance
gcr.io/ml-pipeline/api-server:1.5.0
gcr.io/ml-pipeline/persistenceagent:1.5.0
gcr.io/ml-pipeline/scheduledworkflow:1.5.0
gcr.io/ml-pipeline/frontend:1.5.0
gcr.io/ml-pipeline/viewer-crd-controller:1.5.0
gcr.io/ml-pipeline/visualization-server:1.5.0
gcr.io/ml-pipeline/mysql:5.7
gcr.io/ml-pipeline/workflow-controller:v2.12.9-license-compliance
metacontroller/metacontroller:v0.3.0
public.ecr.aws/j1r0q0g6/notebooks/access-management:v1.3.0-rc.1
public.ecr.aws/j1r0q0g6/notebooks/profile-controller:v1.3.0-rc.1
gcr.io/kubeflow-images-public/pytorch-operator:vmaster-g518f9c76
gcr.io/kubebuilder/kube-rbac-proxy:v0.4.0
public.ecr.aws/j1r0q0g6/notebooks/tensorboard-controller:v1.3.0-rc.1
kubeflow/xgboost-operator:v0.2.0
